<?xml version="1.0" encoding="UTF-8"?>
<!-- Generated by org.testng.reporters.JUnitReportReporter -->
<testsuite skipped="0" hostname="LAPTOP-5P4VO57Q" name="restapi.automation.testcases.GetXMLRequest" tests="1" failures="0" timestamp="3 Jan 2020 19:41:22 GMT" time="2.141" errors="0">
  <testcase name="testGetRequest" time="2.141" classname="restapi.automation.testcases.GetXMLRequest"/>
</testsuite> <!-- restapi.automation.testcases.GetXMLRequest -->
