<?xml version="1.0" encoding="UTF-8"?>
<!-- Generated by org.testng.reporters.JUnitReportReporter -->
<testsuite skipped="0" hostname="LAPTOP-5P4VO57Q" name="restapi.automation.testcases.App" tests="1" failures="0" timestamp="3 Jan 2020 15:02:16 GMT" time="0.008" errors="0">
  <testcase name="test" time="0.008" classname="restapi.automation.testcases.App"/>
</testsuite> <!-- restapi.automation.testcases.App -->
